0 info it worked if it ends with ok
1 verbose cli [ '/usr/local/bin/node',
1 verbose cli   '/usr/local/bin/npm',
1 verbose cli   'run',
1 verbose cli   'get_comments' ]
2 info using npm@3.8.9
3 info using node@v6.2.0
4 verbose run-script [ 'preget_comments', 'get_comments', 'postget_comments' ]
5 info lifecycle nosqlproj@1.0.0~preget_comments: nosqlproj@1.0.0
6 silly lifecycle nosqlproj@1.0.0~preget_comments: no script for preget_comments, continuing
7 info lifecycle nosqlproj@1.0.0~get_comments: nosqlproj@1.0.0
8 verbose lifecycle nosqlproj@1.0.0~get_comments: unsafe-perm in lifecycle true
9 verbose lifecycle nosqlproj@1.0.0~get_comments: PATH: /usr/local/lib/node_modules/npm/bin/node-gyp-bin:/Users/eneskaya/Code/nosqlproj/node_modules/.bin:/usr/local/bin:/Users/eneskaya/.composer/vendor/bin:/usr/local/php5/bin:/usr/bin:/bin:/usr/sbin:/sbin:/usr/local/bin
10 verbose lifecycle nosqlproj@1.0.0~get_comments: CWD: /Users/eneskaya/Code/nosqlproj
11 silly lifecycle nosqlproj@1.0.0~get_comments: Args: [ '-c', 'node fb-comments.js' ]
12 silly lifecycle nosqlproj@1.0.0~get_comments: Returned: code: 1  signal: null
13 info lifecycle nosqlproj@1.0.0~get_comments: Failed to exec get_comments script
14 verbose stack Error: nosqlproj@1.0.0 get_comments: `node fb-comments.js`
14 verbose stack Exit status 1
14 verbose stack     at EventEmitter.<anonymous> (/usr/local/lib/node_modules/npm/lib/utils/lifecycle.js:245:16)
14 verbose stack     at emitTwo (events.js:106:13)
14 verbose stack     at EventEmitter.emit (events.js:191:7)
14 verbose stack     at ChildProcess.<anonymous> (/usr/local/lib/node_modules/npm/lib/utils/spawn.js:24:14)
14 verbose stack     at emitTwo (events.js:106:13)
14 verbose stack     at ChildProcess.emit (events.js:191:7)
14 verbose stack     at maybeClose (internal/child_process.js:850:16)
14 verbose stack     at Process.ChildProcess._handle.onexit (internal/child_process.js:215:5)
15 verbose pkgid nosqlproj@1.0.0
16 verbose cwd /Users/eneskaya/Code/nosqlproj
17 error Darwin 15.5.0
18 error argv "/usr/local/bin/node" "/usr/local/bin/npm" "run" "get_comments"
19 error node v6.2.0
20 error npm  v3.8.9
21 error code ELIFECYCLE
22 error nosqlproj@1.0.0 get_comments: `node fb-comments.js`
22 error Exit status 1
23 error Failed at the nosqlproj@1.0.0 get_comments script 'node fb-comments.js'.
23 error Make sure you have the latest version of node.js and npm installed.
23 error If you do, this is most likely a problem with the nosqlproj package,
23 error not with npm itself.
23 error Tell the author that this fails on your system:
23 error     node fb-comments.js
23 error You can get information on how to open an issue for this project with:
23 error     npm bugs nosqlproj
23 error Or if that isn't available, you can get their info via:
23 error     npm owner ls nosqlproj
23 error There is likely additional logging output above.
24 verbose exit [ 1, true ]
